<?xml version="1.0" encoding="UTF-8"?>
<robot generator="Robot 6.1.1 (Python 3.13.7 on win32)" generated="20251117 01:56:08.962" rpa="false" schemaversion="4">
<suite id="s1" name="Tests" source="C:\Programming - JYU\palautusrepo\osa3\hello-robot\src\tests">
<suite id="s1-s1" name="Increase Counter" source="C:\Programming - JYU\palautusrepo\osa3\hello-robot\src\tests\increase_counter.robot">
<test id="s1-s1-t1" name="Increase Counter Once" line="5">
<kw name="Counter Value Should Be" library="CounterLibrary">
<arg>0</arg>
<status status="PASS" starttime="20251117 01:56:09.122" endtime="20251117 01:56:09.122"/>
</kw>
<kw name="Increase Counter" library="CounterLibrary">
<status status="PASS" starttime="20251117 01:56:09.122" endtime="20251117 01:56:09.123"/>
</kw>
<kw name="Counter Value Should Be" library="CounterLibrary">
<arg>1</arg>
<status status="PASS" starttime="20251117 01:56:09.123" endtime="20251117 01:56:09.123"/>
</kw>
<status status="PASS" starttime="20251117 01:56:09.121" endtime="20251117 01:56:09.123"/>
</test>
<test id="s1-s1-t2" name="Increase Counter Many Times" line="10">
<kw name="Counter Value Should Be" library="CounterLibrary">
<arg>0</arg>
<status status="PASS" starttime="20251117 01:56:09.125" endtime="20251117 01:56:09.125"/>
</kw>
<kw name="Increase Counter" library="CounterLibrary">
<status status="PASS" starttime="20251117 01:56:09.125" endtime="20251117 01:56:09.125"/>
</kw>
<kw name="Increase Counter" library="CounterLibrary">
<status status="PASS" starttime="20251117 01:56:09.126" endtime="20251117 01:56:09.126"/>
</kw>
<kw name="Increase Counter" library="CounterLibrary">
<status status="PASS" starttime="20251117 01:56:09.126" endtime="20251117 01:56:09.126"/>
</kw>
<kw name="Counter Value Should Be" library="CounterLibrary">
<arg>3</arg>
<status status="PASS" starttime="20251117 01:56:09.127" endtime="20251117 01:56:09.127"/>
</kw>
<status status="PASS" starttime="20251117 01:56:09.124" endtime="20251117 01:56:09.127"/>
</test>
<test id="s1-s1-t3" name="Increment Counter By Amount" line="17">
<kw name="Counter Value Should Be" library="CounterLibrary">
<arg>0</arg>
<status status="PASS" starttime="20251117 01:56:09.129" endtime="20251117 01:56:09.129"/>
</kw>
<kw name="Increment Counter By" library="CounterLibrary">
<arg>5</arg>
<status status="PASS" starttime="20251117 01:56:09.129" endtime="20251117 01:56:09.130"/>
</kw>
<kw name="Counter Value Should Be" library="CounterLibrary">
<arg>5</arg>
<status status="PASS" starttime="20251117 01:56:09.130" endtime="20251117 01:56:09.130"/>
</kw>
<status status="PASS" starttime="20251117 01:56:09.128" endtime="20251117 01:56:09.130"/>
</test>
<status status="PASS" starttime="20251117 01:56:09.108" endtime="20251117 01:56:09.131"/>
</suite>
<status status="PASS" starttime="20251117 01:56:08.964" endtime="20251117 01:56:09.132"/>
</suite>
<statistics>
<total>
<stat pass="3" fail="0" skip="0">All Tests</stat>
</total>
<tag>
</tag>
<suite>
<stat pass="3" fail="0" skip="0" id="s1" name="Tests">Tests</stat>
<stat pass="3" fail="0" skip="0" id="s1-s1" name="Increase Counter">Tests.Increase Counter</stat>
</suite>
</statistics>
<errors>
</errors>
</robot>
