<?xml version="1.0" encoding="UTF-8"?>
<robot generator="Robot 6.1.1 (Python 3.13.7 on win32)" generated="20251117 18:46:52.745" rpa="false" schemaversion="4">
<suite id="s1" name="Tests" source="C:\Programming - JYU\palautusrepo\osa3\login-robot\src\tests">
<suite id="s1-s1" name="Login" source="C:\Programming - JYU\palautusrepo\osa3\login-robot\src\tests\login.robot">
<test id="s1-s1-t1" name="Login With Correct Credentials" line="6">
<kw name="Create User And Input Login Command" type="SETUP">
<kw name="Create User" library="AppLibrary">
<arg>kalle</arg>
<arg>kalle123</arg>
<status status="PASS" starttime="20251117 18:46:52.826" endtime="20251117 18:46:52.827"/>
</kw>
<kw name="Input Login Command" library="resource">
<kw name="Input" library="AppLibrary">
<arg>login</arg>
<status status="PASS" starttime="20251117 18:46:52.827" endtime="20251117 18:46:52.827"/>
</kw>
<status status="PASS" starttime="20251117 18:46:52.827" endtime="20251117 18:46:52.827"/>
</kw>
<status status="PASS" starttime="20251117 18:46:52.826" endtime="20251117 18:46:52.827"/>
</kw>
<kw name="Input Credentials" library="resource">
<arg>kalle</arg>
<arg>kalle123</arg>
<kw name="Input" library="AppLibrary">
<arg>${username}</arg>
<status status="PASS" starttime="20251117 18:46:52.828" endtime="20251117 18:46:52.828"/>
</kw>
<kw name="Input" library="AppLibrary">
<arg>${password}</arg>
<status status="PASS" starttime="20251117 18:46:52.828" endtime="20251117 18:46:52.829"/>
</kw>
<kw name="Run Application" library="AppLibrary">
<status status="PASS" starttime="20251117 18:46:52.829" endtime="20251117 18:46:52.829"/>
</kw>
<status status="PASS" starttime="20251117 18:46:52.828" endtime="20251117 18:46:52.829"/>
</kw>
<kw name="Output Should Contain" library="AppLibrary">
<arg>Logged in</arg>
<status status="PASS" starttime="20251117 18:46:52.829" endtime="20251117 18:46:52.829"/>
</kw>
<status status="PASS" starttime="20251117 18:46:52.825" endtime="20251117 18:46:52.829"/>
</test>
<test id="s1-s1-t2" name="Login With Incorrect Password" line="10">
<kw name="Create User And Input Login Command" type="SETUP">
<kw name="Create User" library="AppLibrary">
<arg>kalle</arg>
<arg>kalle123</arg>
<status status="PASS" starttime="20251117 18:46:52.831" endtime="20251117 18:46:52.831"/>
</kw>
<kw name="Input Login Command" library="resource">
<kw name="Input" library="AppLibrary">
<arg>login</arg>
<status status="PASS" starttime="20251117 18:46:52.832" endtime="20251117 18:46:52.832"/>
</kw>
<status status="PASS" starttime="20251117 18:46:52.831" endtime="20251117 18:46:52.832"/>
</kw>
<status status="PASS" starttime="20251117 18:46:52.831" endtime="20251117 18:46:52.832"/>
</kw>
<kw name="Input Credentials" library="resource">
<arg>kalle</arg>
<arg>mikko123</arg>
<kw name="Input" library="AppLibrary">
<arg>${username}</arg>
<status status="PASS" starttime="20251117 18:46:52.833" endtime="20251117 18:46:52.833"/>
</kw>
<kw name="Input" library="AppLibrary">
<arg>${password}</arg>
<status status="PASS" starttime="20251117 18:46:52.833" endtime="20251117 18:46:52.833"/>
</kw>
<kw name="Run Application" library="AppLibrary">
<status status="PASS" starttime="20251117 18:46:52.833" endtime="20251117 18:46:52.833"/>
</kw>
<status status="PASS" starttime="20251117 18:46:52.832" endtime="20251117 18:46:52.833"/>
</kw>
<kw name="Output Should Contain" library="AppLibrary">
<arg>Invalid username or password</arg>
<status status="PASS" starttime="20251117 18:46:52.834" endtime="20251117 18:46:52.834"/>
</kw>
<status status="PASS" starttime="20251117 18:46:52.830" endtime="20251117 18:46:52.834"/>
</test>
<test id="s1-s1-t3" name="Login With Nonexistent Username" line="14">
<kw name="Create User And Input Login Command" type="SETUP">
<kw name="Create User" library="AppLibrary">
<arg>kalle</arg>
<arg>kalle123</arg>
<status status="PASS" starttime="20251117 18:46:52.835" endtime="20251117 18:46:52.836"/>
</kw>
<kw name="Input Login Command" library="resource">
<kw name="Input" library="AppLibrary">
<arg>login</arg>
<status status="PASS" starttime="20251117 18:46:52.836" endtime="20251117 18:46:52.836"/>
</kw>
<status status="PASS" starttime="20251117 18:46:52.836" endtime="20251117 18:46:52.836"/>
</kw>
<status status="PASS" starttime="20251117 18:46:52.835" endtime="20251117 18:46:52.836"/>
</kw>
<kw name="Input Credentials" library="resource">
<arg>mikko</arg>
<arg>mikko123</arg>
<kw name="Input" library="AppLibrary">
<arg>${username}</arg>
<status status="PASS" starttime="20251117 18:46:52.837" endtime="20251117 18:46:52.837"/>
</kw>
<kw name="Input" library="AppLibrary">
<arg>${password}</arg>
<status status="PASS" starttime="20251117 18:46:52.837" endtime="20251117 18:46:52.837"/>
</kw>
<kw name="Run Application" library="AppLibrary">
<status status="PASS" starttime="20251117 18:46:52.837" endtime="20251117 18:46:52.837"/>
</kw>
<status status="PASS" starttime="20251117 18:46:52.836" endtime="20251117 18:46:52.837"/>
</kw>
<kw name="Output Should Contain" library="AppLibrary">
<arg>Invalid username or password</arg>
<status status="PASS" starttime="20251117 18:46:52.837" endtime="20251117 18:46:52.837"/>
</kw>
<status status="PASS" starttime="20251117 18:46:52.835" endtime="20251117 18:46:52.838"/>
</test>
<status status="PASS" starttime="20251117 18:46:52.790" endtime="20251117 18:46:52.839"/>
</suite>
<suite id="s1-s2" name="Register" source="C:\Programming - JYU\palautusrepo\osa3\login-robot\src\tests\register.robot">
<test id="s1-s2-t1" name="Register With Valid Username And Password" line="6">
<kw name="Input New Command and Create User" type="SETUP">
<kw name="Create User" library="AppLibrary">
<arg>kalle</arg>
<arg>kalle123</arg>
<status status="PASS" starttime="20251117 18:46:52.845" endtime="20251117 18:46:52.845"/>
</kw>
<kw name="Input New Command" library="resource">
<kw name="Input" library="AppLibrary">
<arg>new</arg>
<status status="PASS" starttime="20251117 18:46:52.845" endtime="20251117 18:46:52.845"/>
</kw>
<status status="PASS" starttime="20251117 18:46:52.845" endtime="20251117 18:46:52.846"/>
</kw>
<status status="PASS" starttime="20251117 18:46:52.845" endtime="20251117 18:46:52.846"/>
</kw>
<kw name="Input Credentials" library="resource">
<arg>jussi</arg>
<arg>salasana123</arg>
<kw name="Input" library="AppLibrary">
<arg>${username}</arg>
<status status="PASS" starttime="20251117 18:46:52.846" endtime="20251117 18:46:52.846"/>
</kw>
<kw name="Input" library="AppLibrary">
<arg>${password}</arg>
<status status="PASS" starttime="20251117 18:46:52.847" endtime="20251117 18:46:52.847"/>
</kw>
<kw name="Run Application" library="AppLibrary">
<status status="PASS" starttime="20251117 18:46:52.847" endtime="20251117 18:46:52.847"/>
</kw>
<status status="PASS" starttime="20251117 18:46:52.846" endtime="20251117 18:46:52.847"/>
</kw>
<kw name="Output Should Contain" library="AppLibrary">
<arg>New user registered</arg>
<status status="PASS" starttime="20251117 18:46:52.847" endtime="20251117 18:46:52.847"/>
</kw>
<status status="PASS" starttime="20251117 18:46:52.844" endtime="20251117 18:46:52.848"/>
</test>
<test id="s1-s2-t2" name="Register With Already Taken Username And Valid Password" line="10">
<kw name="Input New Command and Create User" type="SETUP">
<kw name="Create User" library="AppLibrary">
<arg>kalle</arg>
<arg>kalle123</arg>
<status status="PASS" starttime="20251117 18:46:52.849" endtime="20251117 18:46:52.849"/>
</kw>
<kw name="Input New Command" library="resource">
<kw name="Input" library="AppLibrary">
<arg>new</arg>
<status status="PASS" starttime="20251117 18:46:52.849" endtime="20251117 18:46:52.850"/>
</kw>
<status status="PASS" starttime="20251117 18:46:52.849" endtime="20251117 18:46:52.850"/>
</kw>
<status status="PASS" starttime="20251117 18:46:52.849" endtime="20251117 18:46:52.850"/>
</kw>
<kw name="Input Credentials" library="resource">
<arg>kalle</arg>
<arg>mikko123</arg>
<kw name="Input" library="AppLibrary">
<arg>${username}</arg>
<status status="PASS" starttime="20251117 18:46:52.850" endtime="20251117 18:46:52.850"/>
</kw>
<kw name="Input" library="AppLibrary">
<arg>${password}</arg>
<status status="PASS" starttime="20251117 18:46:52.850" endtime="20251117 18:46:52.851"/>
</kw>
<kw name="Run Application" library="AppLibrary">
<status status="PASS" starttime="20251117 18:46:52.851" endtime="20251117 18:46:52.851"/>
</kw>
<status status="PASS" starttime="20251117 18:46:52.850" endtime="20251117 18:46:52.851"/>
</kw>
<kw name="Output Should Contain" library="AppLibrary">
<arg>User with username kalle already exists</arg>
<status status="PASS" starttime="20251117 18:46:52.851" endtime="20251117 18:46:52.851"/>
</kw>
<status status="PASS" starttime="20251117 18:46:52.848" endtime="20251117 18:46:52.852"/>
</test>
<test id="s1-s2-t3" name="Register With Too Short Username And Valid Password" line="14">
<kw name="Input New Command and Create User" type="SETUP">
<kw name="Create User" library="AppLibrary">
<arg>kalle</arg>
<arg>kalle123</arg>
<status status="PASS" starttime="20251117 18:46:52.853" endtime="20251117 18:46:52.853"/>
</kw>
<kw name="Input New Command" library="resource">
<kw name="Input" library="AppLibrary">
<arg>new</arg>
<status status="PASS" starttime="20251117 18:46:52.853" endtime="20251117 18:46:52.853"/>
</kw>
<status status="PASS" starttime="20251117 18:46:52.853" endtime="20251117 18:46:52.853"/>
</kw>
<status status="PASS" starttime="20251117 18:46:52.853" endtime="20251117 18:46:52.853"/>
</kw>
<kw name="Input Credentials" library="resource">
<arg>kek</arg>
<arg>mikko123</arg>
<kw name="Input" library="AppLibrary">
<arg>${username}</arg>
<status status="PASS" starttime="20251117 18:46:52.854" endtime="20251117 18:46:52.854"/>
</kw>
<kw name="Input" library="AppLibrary">
<arg>${password}</arg>
<status status="PASS" starttime="20251117 18:46:52.854" endtime="20251117 18:46:52.854"/>
</kw>
<kw name="Run Application" library="AppLibrary">
<status status="PASS" starttime="20251117 18:46:52.854" endtime="20251117 18:46:52.854"/>
</kw>
<status status="PASS" starttime="20251117 18:46:52.854" endtime="20251117 18:46:52.854"/>
</kw>
<kw name="Output Should Contain" library="AppLibrary">
<arg>Selected username is not long enough</arg>
<status status="PASS" starttime="20251117 18:46:52.855" endtime="20251117 18:46:52.855"/>
</kw>
<status status="PASS" starttime="20251117 18:46:52.852" endtime="20251117 18:46:52.855"/>
</test>
<test id="s1-s2-t4" name="Register With Enough Long But Invalid Username And Valid Password" line="18">
<kw name="Input New Command and Create User" type="SETUP">
<kw name="Create User" library="AppLibrary">
<arg>kalle</arg>
<arg>kalle123</arg>
<status status="PASS" starttime="20251117 18:46:52.856" endtime="20251117 18:46:52.857"/>
</kw>
<kw name="Input New Command" library="resource">
<kw name="Input" library="AppLibrary">
<arg>new</arg>
<status status="PASS" starttime="20251117 18:46:52.857" endtime="20251117 18:46:52.858"/>
</kw>
<status status="PASS" starttime="20251117 18:46:52.857" endtime="20251117 18:46:52.858"/>
</kw>
<status status="PASS" starttime="20251117 18:46:52.856" endtime="20251117 18:46:52.858"/>
</kw>
<kw name="Input Credentials" library="resource">
<arg>m1kko</arg>
<arg>mikko123</arg>
<kw name="Input" library="AppLibrary">
<arg>${username}</arg>
<status status="PASS" starttime="20251117 18:46:52.858" endtime="20251117 18:46:52.859"/>
</kw>
<kw name="Input" library="AppLibrary">
<arg>${password}</arg>
<status status="PASS" starttime="20251117 18:46:52.859" endtime="20251117 18:46:52.859"/>
</kw>
<kw name="Run Application" library="AppLibrary">
<status status="PASS" starttime="20251117 18:46:52.859" endtime="20251117 18:46:52.859"/>
</kw>
<status status="PASS" starttime="20251117 18:46:52.858" endtime="20251117 18:46:52.859"/>
</kw>
<kw name="Output Should Contain" library="AppLibrary">
<arg>Selected username is in incorrect format</arg>
<status status="PASS" starttime="20251117 18:46:52.859" endtime="20251117 18:46:52.859"/>
</kw>
<status status="PASS" starttime="20251117 18:46:52.856" endtime="20251117 18:46:52.860"/>
</test>
<test id="s1-s2-t5" name="Register With Valid Username And Too Short Password" line="22">
<kw name="Input New Command and Create User" type="SETUP">
<kw name="Create User" library="AppLibrary">
<arg>kalle</arg>
<arg>kalle123</arg>
<status status="PASS" starttime="20251117 18:46:52.861" endtime="20251117 18:46:52.861"/>
</kw>
<kw name="Input New Command" library="resource">
<kw name="Input" library="AppLibrary">
<arg>new</arg>
<status status="PASS" starttime="20251117 18:46:52.861" endtime="20251117 18:46:52.861"/>
</kw>
<status status="PASS" starttime="20251117 18:46:52.861" endtime="20251117 18:46:52.861"/>
</kw>
<status status="PASS" starttime="20251117 18:46:52.861" endtime="20251117 18:46:52.861"/>
</kw>
<kw name="Input Credentials" library="resource">
<arg>mikko</arg>
<arg>k</arg>
<kw name="Input" library="AppLibrary">
<arg>${username}</arg>
<status status="PASS" starttime="20251117 18:46:52.862" endtime="20251117 18:46:52.862"/>
</kw>
<kw name="Input" library="AppLibrary">
<arg>${password}</arg>
<status status="PASS" starttime="20251117 18:46:52.862" endtime="20251117 18:46:52.862"/>
</kw>
<kw name="Run Application" library="AppLibrary">
<status status="PASS" starttime="20251117 18:46:52.862" endtime="20251117 18:46:52.863"/>
</kw>
<status status="PASS" starttime="20251117 18:46:52.862" endtime="20251117 18:46:52.863"/>
</kw>
<kw name="Output Should Contain" library="AppLibrary">
<arg>Selected password is not long enough</arg>
<status status="PASS" starttime="20251117 18:46:52.863" endtime="20251117 18:46:52.863"/>
</kw>
<status status="PASS" starttime="20251117 18:46:52.860" endtime="20251117 18:46:52.863"/>
</test>
<test id="s1-s2-t6" name="Register With Valid Username And Long Enough Password Containing Only Letters" line="26">
<kw name="Input New Command and Create User" type="SETUP">
<kw name="Create User" library="AppLibrary">
<arg>kalle</arg>
<arg>kalle123</arg>
<status status="PASS" starttime="20251117 18:46:52.865" endtime="20251117 18:46:52.865"/>
</kw>
<kw name="Input New Command" library="resource">
<kw name="Input" library="AppLibrary">
<arg>new</arg>
<status status="PASS" starttime="20251117 18:46:52.865" endtime="20251117 18:46:52.865"/>
</kw>
<status status="PASS" starttime="20251117 18:46:52.865" endtime="20251117 18:46:52.865"/>
</kw>
<status status="PASS" starttime="20251117 18:46:52.864" endtime="20251117 18:46:52.865"/>
</kw>
<kw name="Input Credentials" library="resource">
<arg>mikko</arg>
<arg>mikko</arg>
<kw name="Input" library="AppLibrary">
<arg>${username}</arg>
<status status="PASS" starttime="20251117 18:46:52.866" endtime="20251117 18:46:52.866"/>
</kw>
<kw name="Input" library="AppLibrary">
<arg>${password}</arg>
<status status="PASS" starttime="20251117 18:46:52.866" endtime="20251117 18:46:52.867"/>
</kw>
<kw name="Run Application" library="AppLibrary">
<status status="PASS" starttime="20251117 18:46:52.867" endtime="20251117 18:46:52.867"/>
</kw>
<status status="PASS" starttime="20251117 18:46:52.866" endtime="20251117 18:46:52.867"/>
</kw>
<kw name="Output Should Contain" library="AppLibrary">
<arg>Selected password must have both numbers and letters</arg>
<status status="PASS" starttime="20251117 18:46:52.867" endtime="20251117 18:46:52.868"/>
</kw>
<status status="PASS" starttime="20251117 18:46:52.864" endtime="20251117 18:46:52.868"/>
</test>
<status status="PASS" starttime="20251117 18:46:52.840" endtime="20251117 18:46:52.869"/>
</suite>
<status status="PASS" starttime="20251117 18:46:52.748" endtime="20251117 18:46:52.870"/>
</suite>
<statistics>
<total>
<stat pass="9" fail="0" skip="0">All Tests</stat>
</total>
<tag>
</tag>
<suite>
<stat pass="9" fail="0" skip="0" id="s1" name="Tests">Tests</stat>
<stat pass="3" fail="0" skip="0" id="s1-s1" name="Login">Tests.Login</stat>
<stat pass="6" fail="0" skip="0" id="s1-s2" name="Register">Tests.Register</stat>
</suite>
</statistics>
<errors>
</errors>
</robot>
