<?xml version="1.0" encoding="UTF-8"?>
<robot generator="Robot 6.1.1 (Python 3.13.7 on win32)" generated="20251117 14:30:15.728" rpa="false" schemaversion="4">
<suite id="s1" name="Tests" source="C:\Programming - JYU\palautusrepo\osa3\login-robot\src\tests">
<suite id="s1-s1" name="Login" source="C:\Programming - JYU\palautusrepo\osa3\login-robot\src\tests\login.robot">
<test id="s1-s1-t1" name="Login With Correct Credentials" line="6">
<kw name="Create User And Input Login Command" type="SETUP">
<kw name="Create User" library="AppLibrary">
<arg>kalle</arg>
<arg>kalle123</arg>
<status status="PASS" starttime="20251117 14:30:15.761" endtime="20251117 14:30:15.761"/>
</kw>
<kw name="Input Login Command" library="resource">
<kw name="Input" library="AppLibrary">
<arg>login</arg>
<status status="PASS" starttime="20251117 14:30:15.761" endtime="20251117 14:30:15.761"/>
</kw>
<status status="PASS" starttime="20251117 14:30:15.761" endtime="20251117 14:30:15.761"/>
</kw>
<status status="PASS" starttime="20251117 14:30:15.760" endtime="20251117 14:30:15.761"/>
</kw>
<kw name="Input Credentials" library="resource">
<arg>kalle</arg>
<arg>kalle123</arg>
<kw name="Input" library="AppLibrary">
<arg>${username}</arg>
<status status="PASS" starttime="20251117 14:30:15.761" endtime="20251117 14:30:15.762"/>
</kw>
<kw name="Input" library="AppLibrary">
<arg>${password}</arg>
<status status="PASS" starttime="20251117 14:30:15.762" endtime="20251117 14:30:15.762"/>
</kw>
<kw name="Run Application" library="AppLibrary">
<status status="PASS" starttime="20251117 14:30:15.762" endtime="20251117 14:30:15.762"/>
</kw>
<status status="PASS" starttime="20251117 14:30:15.761" endtime="20251117 14:30:15.762"/>
</kw>
<kw name="Output Should Contain" library="AppLibrary">
<arg>Logged in</arg>
<status status="PASS" starttime="20251117 14:30:15.762" endtime="20251117 14:30:15.762"/>
</kw>
<status status="PASS" starttime="20251117 14:30:15.760" endtime="20251117 14:30:15.762"/>
</test>
<test id="s1-s1-t2" name="Login With Incorrect Password" line="10">
<kw name="Create User And Input Login Command" type="SETUP">
<kw name="Create User" library="AppLibrary">
<arg>kalle</arg>
<arg>kalle123</arg>
<status status="PASS" starttime="20251117 14:30:15.763" endtime="20251117 14:30:15.763"/>
</kw>
<kw name="Input Login Command" library="resource">
<kw name="Input" library="AppLibrary">
<arg>login</arg>
<status status="PASS" starttime="20251117 14:30:15.763" endtime="20251117 14:30:15.763"/>
</kw>
<status status="PASS" starttime="20251117 14:30:15.763" endtime="20251117 14:30:15.763"/>
</kw>
<status status="PASS" starttime="20251117 14:30:15.763" endtime="20251117 14:30:15.763"/>
</kw>
<kw name="Input Credentials" library="resource">
<arg>kalle</arg>
<arg>mikko123</arg>
<kw name="Input" library="AppLibrary">
<arg>${username}</arg>
<status status="PASS" starttime="20251117 14:30:15.764" endtime="20251117 14:30:15.764"/>
</kw>
<kw name="Input" library="AppLibrary">
<arg>${password}</arg>
<status status="PASS" starttime="20251117 14:30:15.764" endtime="20251117 14:30:15.764"/>
</kw>
<kw name="Run Application" library="AppLibrary">
<status status="PASS" starttime="20251117 14:30:15.764" endtime="20251117 14:30:15.764"/>
</kw>
<status status="PASS" starttime="20251117 14:30:15.764" endtime="20251117 14:30:15.764"/>
</kw>
<kw name="Output Should Contain" library="AppLibrary">
<arg>Invalid username or password</arg>
<status status="PASS" starttime="20251117 14:30:15.764" endtime="20251117 14:30:15.764"/>
</kw>
<status status="PASS" starttime="20251117 14:30:15.763" endtime="20251117 14:30:15.764"/>
</test>
<test id="s1-s1-t3" name="Login With Nonexistent Username" line="14">
<kw name="Create User And Input Login Command" type="SETUP">
<kw name="Create User" library="AppLibrary">
<arg>kalle</arg>
<arg>kalle123</arg>
<status status="PASS" starttime="20251117 14:30:15.765" endtime="20251117 14:30:15.765"/>
</kw>
<kw name="Input Login Command" library="resource">
<kw name="Input" library="AppLibrary">
<arg>login</arg>
<status status="PASS" starttime="20251117 14:30:15.765" endtime="20251117 14:30:15.765"/>
</kw>
<status status="PASS" starttime="20251117 14:30:15.765" endtime="20251117 14:30:15.765"/>
</kw>
<status status="PASS" starttime="20251117 14:30:15.765" endtime="20251117 14:30:15.765"/>
</kw>
<kw name="Input Credentials" library="resource">
<arg>mikko</arg>
<arg>mikko123</arg>
<kw name="Input" library="AppLibrary">
<arg>${username}</arg>
<status status="PASS" starttime="20251117 14:30:15.766" endtime="20251117 14:30:15.766"/>
</kw>
<kw name="Input" library="AppLibrary">
<arg>${password}</arg>
<status status="PASS" starttime="20251117 14:30:15.766" endtime="20251117 14:30:15.766"/>
</kw>
<kw name="Run Application" library="AppLibrary">
<status status="PASS" starttime="20251117 14:30:15.766" endtime="20251117 14:30:15.766"/>
</kw>
<status status="PASS" starttime="20251117 14:30:15.765" endtime="20251117 14:30:15.766"/>
</kw>
<kw name="Output Should Contain" library="AppLibrary">
<arg>Invalid username or password</arg>
<status status="PASS" starttime="20251117 14:30:15.766" endtime="20251117 14:30:15.766"/>
</kw>
<status status="PASS" starttime="20251117 14:30:15.765" endtime="20251117 14:30:15.766"/>
</test>
<status status="PASS" starttime="20251117 14:30:15.751" endtime="20251117 14:30:15.767"/>
</suite>
<status status="PASS" starttime="20251117 14:30:15.729" endtime="20251117 14:30:15.767"/>
</suite>
<statistics>
<total>
<stat pass="3" fail="0" skip="0">All Tests</stat>
</total>
<tag>
</tag>
<suite>
<stat pass="3" fail="0" skip="0" id="s1" name="Tests">Tests</stat>
<stat pass="3" fail="0" skip="0" id="s1-s1" name="Login">Tests.Login</stat>
</suite>
</statistics>
<errors>
</errors>
</robot>
